<?xml version="1.0" encoding="UTF-8"?>
<!-- Generated by org.testng.reporters.JUnitReportReporter -->
<testsuite skipped="2" hostname="LAPTOP-AAKS8C7V" name="day1.WeatherAPI" tests="4" failures="0" timestamp="07 Oct 2021 13:31:42 GMT" time="2.792" errors="0">
  <testcase name="getWeather4" time="0.575" classname="day1.WeatherAPI"/>
  <testcase name="getWeather3" time="2.217" classname="day1.WeatherAPI"/>
  <testcase name="getWeather" classname="day1.WeatherAPI">
    <skipped/>
  </testcase> <!-- getWeather -->
  <testcase name="getWeather2" classname="day1.WeatherAPI">
    <skipped/>
  </testcase> <!-- getWeather2 -->
</testsuite> <!-- day1.WeatherAPI -->
