<?xml version="1.0" encoding="UTF-8"?>
<!-- Generated by org.testng.reporters.JUnitReportReporter -->
<testsuite skipped="0" hostname="LAPTOP-AAKS8C7V" name="day2.GitHub" tests="2" failures="0" timestamp="08 Oct 2021 10:09:27 GMT" time="3.868" errors="0">
  <testcase name="gettingAllRepositories" time="0.691" classname="day2.GitHub"/>
  <testcase name="createRepositories" time="3.177" classname="day2.GitHub"/>
</testsuite> <!-- day2.GitHub -->
