<?xml version="1.0" encoding="UTF-8"?>
<!-- Generated by org.testng.reporters.JUnitReportReporter -->
<testsuite skipped="3" hostname="LAPTOP-AAKS8C7V" name="day2.PositiveContactListTest" tests="7" failures="0" timestamp="08 Oct 2021 06:18:43 GMT" time="5.507" errors="0">
  <testcase name="deletingSpecificContact3" time="0.542" classname="day2.PositiveContactListTest"/>
  <testcase name="UpdatingContact" time="0.556" classname="day2.PositiveContactListTest"/>
  <testcase name="addingContact" time="3.859" classname="day2.PositiveContactListTest"/>
  <testcase name="getSpecificContact3" time="0.550" classname="day2.PositiveContactListTest"/>
  <testcase name="getContactListInfo" classname="day2.PositiveContactListTest">
    <skipped/>
  </testcase> <!-- getContactListInfo -->
  <testcase name="getSpecificContact2" classname="day2.PositiveContactListTest">
    <skipped/>
  </testcase> <!-- getSpecificContact2 -->
  <testcase name="getSpecificContact" classname="day2.PositiveContactListTest">
    <skipped/>
  </testcase> <!-- getSpecificContact -->
</testsuite> <!-- day2.PositiveContactListTest -->
