<?xml version="1.0" encoding="UTF-8"?>
<!-- Generated by org.testng.reporters.JUnitReportReporter -->
<testsuite skipped="0" hostname="LAPTOP-AAKS8C7V" name="day2.NegativeContactListTest" tests="5" failures="0" timestamp="08 Oct 2021 07:31:35 GMT" time="6.623" errors="0">
  <testcase name="addingContactTooManyChar" time="0.573" classname="day2.NegativeContactListTest"/>
  <testcase name="RecordNotFound" time="3.010" classname="day2.NegativeContactListTest"/>
  <testcase name="invalidEmail" time="0.599" classname="day2.NegativeContactListTest"/>
  <testcase name="invalidFirstName" time="0.592" classname="day2.NegativeContactListTest"/>
  <testcase name="addingContact" time="1.849" classname="day2.NegativeContactListTest"/>
</testsuite> <!-- day2.NegativeContactListTest -->
